[debug] [2021-07-18T06:22:39.080Z] ----------------------------------------------------------------------
[debug] [2021-07-18T06:22:39.082Z] Command:       C:\Program Files\nodejs\node.exe C:\Users\aruef\AppData\Roaming\npm\node_modules\firebase-tools\lib\bin\firebase.js deploy
[debug] [2021-07-18T06:22:39.083Z] CLI Version:   9.16.0
[debug] [2021-07-18T06:22:39.083Z] Platform:      win32
[debug] [2021-07-18T06:22:39.083Z] Node Version:  v16.3.0
[debug] [2021-07-18T06:22:39.083Z] Time:          Sun Jul 18 2021 14:22:39 GMT+0800 (Australian Western Standard Time)
[debug] [2021-07-18T06:22:39.084Z] ----------------------------------------------------------------------
[debug] 
[debug] [2021-07-18T06:22:39.158Z] Object ".emulators.firestore" in "firebase.json" has unknown property: {"additionalProperty":"rules"}
[debug] [2021-07-18T06:22:39.163Z] > command requires scopes: ["email","openid","https://www.googleapis.com/auth/cloudplatformprojects.readonly","https://www.googleapis.com/auth/firebase","https://www.googleapis.com/auth/cloud-platform"]
[debug] [2021-07-18T06:22:39.163Z] > authorizing via signed-in user (aruefenacht14@gmail.com)
[debug] [2021-07-18T06:22:39.163Z] [iam] checking project reactchat-dev for permissions ["cloudfunctions.functions.create","cloudfunctions.functions.delete","cloudfunctions.functions.get","cloudfunctions.functions.list","cloudfunctions.functions.update","cloudfunctions.operations.get","firebase.projects.get","firebasehosting.sites.update"]
[debug] [2021-07-18T06:22:39.166Z] > refreshing access token with scopes: ["email","https://www.googleapis.com/auth/cloud-platform","https://www.googleapis.com/auth/cloudplatformprojects.readonly","https://www.googleapis.com/auth/firebase","openid"]
[debug] [2021-07-18T06:22:39.166Z] >>> HTTP REQUEST POST https://www.googleapis.com/oauth2/v3/token  
 <request body omitted>
[debug] [2021-07-18T06:22:39.563Z] <<< HTTP RESPONSE 200 {"date":"Sun, 18 Jul 2021 06:22:39 GMT","pragma":"no-cache","expires":"Mon, 01 Jan 1990 00:00:00 GMT","cache-control":"no-cache, no-store, max-age=0, must-revalidate","content-type":"application/json; charset=utf-8","vary":"X-Origin, Referer, Origin,Accept-Encoding","server":"scaffolding on HTTPServer2","x-xss-protection":"0","x-frame-options":"SAMEORIGIN","x-content-type-options":"nosniff","alt-svc":"h3=\":443\"; ma=2592000,h3-29=\":443\"; ma=2592000,h3-T051=\":443\"; ma=2592000,h3-Q050=\":443\"; ma=2592000,h3-Q046=\":443\"; ma=2592000,h3-Q043=\":443\"; ma=2592000,quic=\":443\"; ma=2592000; v=\"46,43\"","accept-ranges":"none","transfer-encoding":"chunked"}
[debug] [2021-07-18T06:22:39.575Z] >>> HTTP REQUEST POST https://cloudresourcemanager.googleapis.com/v1/projects/reactchat-dev:testIamPermissions  
 {"permissions":["cloudfunctions.functions.create","cloudfunctions.functions.delete","cloudfunctions.functions.get","cloudfunctions.functions.list","cloudfunctions.functions.update","cloudfunctions.operations.get","firebase.projects.get","firebasehosting.sites.update"]}
[debug] [2021-07-18T06:22:40.022Z] <<< HTTP RESPONSE 200 {"content-type":"application/json; charset=UTF-8","vary":"X-Origin, Referer, Origin,Accept-Encoding","date":"Sun, 18 Jul 2021 06:22:39 GMT","server":"ESF","cache-control":"private","x-xss-protection":"0","x-frame-options":"SAMEORIGIN","x-content-type-options":"nosniff","server-timing":"gfet4t7; dur=188","alt-svc":"h3=\":443\"; ma=2592000,h3-29=\":443\"; ma=2592000,h3-T051=\":443\"; ma=2592000,h3-Q050=\":443\"; ma=2592000,h3-Q046=\":443\"; ma=2592000,h3-Q043=\":443\"; ma=2592000,quic=\":443\"; ma=2592000; v=\"46,43\"","accept-ranges":"none","transfer-encoding":"chunked"}
[debug] [2021-07-18T06:22:40.024Z] >>> HTTP REQUEST POST https://iam.googleapis.com/v1/projects/reactchat-dev/serviceAccounts/reactchat-dev@appspot.gserviceaccount.com:testIamPermissions  
 {"permissions":["iam.serviceAccounts.actAs"]}
[debug] [2021-07-18T06:22:40.541Z] <<< HTTP RESPONSE 200 {"content-type":"application/json; charset=UTF-8","vary":"X-Origin, Referer, Origin,Accept-Encoding","date":"Sun, 18 Jul 2021 06:22:40 GMT","server":"ESF","cache-control":"private","x-xss-protection":"0","x-frame-options":"SAMEORIGIN","x-content-type-options":"nosniff","alt-svc":"h3=\":443\"; ma=2592000,h3-29=\":443\"; ma=2592000,h3-T051=\":443\"; ma=2592000,h3-Q050=\":443\"; ma=2592000,h3-Q046=\":443\"; ma=2592000,h3-Q043=\":443\"; ma=2592000,quic=\":443\"; ma=2592000; v=\"46,43\"","accept-ranges":"none","transfer-encoding":"chunked"}
[debug] [2021-07-18T06:22:40.544Z] > refreshing access token with scopes: []
[debug] [2021-07-18T06:22:40.544Z] >>> HTTP REQUEST POST https://www.googleapis.com/oauth2/v3/token  
 <request body omitted>
[debug] [2021-07-18T06:22:40.987Z] <<< HTTP RESPONSE 200 {"pragma":"no-cache","cache-control":"no-cache, no-store, max-age=0, must-revalidate","date":"Sun, 18 Jul 2021 06:22:40 GMT","expires":"Mon, 01 Jan 1990 00:00:00 GMT","content-type":"application/json; charset=utf-8","vary":"X-Origin, Referer, Origin,Accept-Encoding","server":"scaffolding on HTTPServer2","x-xss-protection":"0","x-frame-options":"SAMEORIGIN","x-content-type-options":"nosniff","alt-svc":"h3=\":443\"; ma=2592000,h3-29=\":443\"; ma=2592000,h3-T051=\":443\"; ma=2592000,h3-Q050=\":443\"; ma=2592000,h3-Q046=\":443\"; ma=2592000,h3-Q043=\":443\"; ma=2592000,quic=\":443\"; ma=2592000; v=\"46,43\"","accept-ranges":"none","transfer-encoding":"chunked"}
[debug] [2021-07-18T06:22:41.000Z] >>> [apiv2][query] GET https://firebase.googleapis.com/v1beta1/projects/reactchat-dev [none]
[debug] [2021-07-18T06:22:41.612Z] <<< [apiv2][status] GET https://firebase.googleapis.com/v1beta1/projects/reactchat-dev 200
[debug] [2021-07-18T06:22:41.613Z] <<< [apiv2][body] GET https://firebase.googleapis.com/v1beta1/projects/reactchat-dev {"projectId":"reactchat-dev","projectNumber":"890680516821","displayName":"reactChat-dev","name":"projects/reactchat-dev","resources":{"hostingSite":"reactchat-dev","realtimeDatabaseInstance":"reactchat-dev-default-rtdb","storageBucket":"reactchat-dev.appspot.com","locationId":"australia-southeast1"},"state":"ACTIVE"}
[info] 
[info] === Deploying to 'reactchat-dev'...
[info] 
[info] i  deploying functions, hosting 
[info] Running command: npm --prefix "$RESOURCE_DIR" run lint
[info] +  functions: Finished running predeploy script. 
[debug] [2021-07-18T06:22:45.403Z] Validating nodejs source
[debug] [2021-07-18T06:22:48.354Z] > [functions] package.json contents: {
  "name": "functions",
  "description": "Cloud Functions for Firebase",
  "scripts": {
    "lint": "eslint .",
    "serve": "firebase emulators:start --only functions",
    "shell": "firebase functions:shell",
    "start": "npm run shell",
    "deploy": "firebase deploy --only functions",
    "logs": "firebase functions:log"
  },
  "engines": {
    "node": "14"
  },
  "main": "index.js",
  "dependencies": {
    "firebase-admin": "^9.8.0",
    "firebase-functions": "^3.14.1"
  },
  "devDependencies": {
    "eslint": "^7.6.0",
    "eslint-config-google": "^0.14.0",
    "firebase-functions-test": "^0.2.0"
  },
  "private": true
}
[debug] [2021-07-18T06:22:48.354Z] Building nodejs source
[info] i  functions: ensuring required API cloudfunctions.googleapis.com is enabled... 
[debug] [2021-07-18T06:22:48.356Z] > refreshing access token with scopes: ["email","https://www.googleapis.com/auth/cloud-platform","https://www.googleapis.com/auth/cloudplatformprojects.readonly","https://www.googleapis.com/auth/firebase","openid"]
[debug] [2021-07-18T06:22:48.356Z] >>> HTTP REQUEST POST https://www.googleapis.com/oauth2/v3/token  
 <request body omitted>
[debug] [2021-07-18T06:22:48.358Z] > refreshing access token with scopes: ["email","https://www.googleapis.com/auth/cloud-platform","https://www.googleapis.com/auth/cloudplatformprojects.readonly","https://www.googleapis.com/auth/firebase","openid"]
[debug] [2021-07-18T06:22:48.358Z] >>> HTTP REQUEST POST https://www.googleapis.com/oauth2/v3/token  
 <request body omitted>
[info] i  functions: ensuring required API cloudbuild.googleapis.com is enabled... 
[debug] [2021-07-18T06:22:48.359Z] > refreshing access token with scopes: ["email","https://www.googleapis.com/auth/cloud-platform","https://www.googleapis.com/auth/cloudplatformprojects.readonly","https://www.googleapis.com/auth/firebase","openid"]
[debug] [2021-07-18T06:22:48.359Z] >>> HTTP REQUEST POST https://www.googleapis.com/oauth2/v3/token  
 <request body omitted>
[debug] [2021-07-18T06:22:48.788Z] <<< HTTP RESPONSE 200 {"expires":"Mon, 01 Jan 1990 00:00:00 GMT","date":"Sun, 18 Jul 2021 06:22:48 GMT","pragma":"no-cache","cache-control":"no-cache, no-store, max-age=0, must-revalidate","content-type":"application/json; charset=utf-8","vary":"X-Origin, Referer, Origin,Accept-Encoding","server":"scaffolding on HTTPServer2","x-xss-protection":"0","x-frame-options":"SAMEORIGIN","x-content-type-options":"nosniff","alt-svc":"h3=\":443\"; ma=2592000,h3-29=\":443\"; ma=2592000,h3-T051=\":443\"; ma=2592000,h3-Q050=\":443\"; ma=2592000,h3-Q046=\":443\"; ma=2592000,h3-Q043=\":443\"; ma=2592000,quic=\":443\"; ma=2592000; v=\"46,43\"","accept-ranges":"none","transfer-encoding":"chunked"}
[debug] [2021-07-18T06:22:48.800Z] >>> HTTP REQUEST GET https://serviceusage.googleapis.com/v1/projects/reactchat-dev/services/cloudfunctions.googleapis.com  
 
[debug] [2021-07-18T06:22:48.803Z] <<< HTTP RESPONSE 200 {"cache-control":"no-cache, no-store, max-age=0, must-revalidate","date":"Sun, 18 Jul 2021 06:22:48 GMT","pragma":"no-cache","expires":"Mon, 01 Jan 1990 00:00:00 GMT","content-type":"application/json; charset=utf-8","vary":"X-Origin, Referer, Origin,Accept-Encoding","server":"scaffolding on HTTPServer2","x-xss-protection":"0","x-frame-options":"SAMEORIGIN","x-content-type-options":"nosniff","alt-svc":"h3=\":443\"; ma=2592000,h3-29=\":443\"; ma=2592000,h3-T051=\":443\"; ma=2592000,h3-Q050=\":443\"; ma=2592000,h3-Q046=\":443\"; ma=2592000,h3-Q043=\":443\"; ma=2592000,quic=\":443\"; ma=2592000; v=\"46,43\"","accept-ranges":"none","transfer-encoding":"chunked"}
[debug] [2021-07-18T06:22:48.812Z] >>> HTTP REQUEST GET https://serviceusage.googleapis.com/v1/projects/reactchat-dev/services/runtimeconfig.googleapis.com  
 
[debug] [2021-07-18T06:22:48.814Z] <<< HTTP RESPONSE 200 {"date":"Sun, 18 Jul 2021 06:22:48 GMT","pragma":"no-cache","cache-control":"no-cache, no-store, max-age=0, must-revalidate","expires":"Mon, 01 Jan 1990 00:00:00 GMT","content-type":"application/json; charset=utf-8","vary":"X-Origin, Referer, Origin,Accept-Encoding","server":"scaffolding on HTTPServer2","x-xss-protection":"0","x-frame-options":"SAMEORIGIN","x-content-type-options":"nosniff","alt-svc":"h3=\":443\"; ma=2592000,h3-29=\":443\"; ma=2592000,h3-T051=\":443\"; ma=2592000,h3-Q050=\":443\"; ma=2592000,h3-Q046=\":443\"; ma=2592000,h3-Q043=\":443\"; ma=2592000,quic=\":443\"; ma=2592000; v=\"46,43\"","accept-ranges":"none","transfer-encoding":"chunked"}
[debug] [2021-07-18T06:22:48.823Z] >>> HTTP REQUEST GET https://serviceusage.googleapis.com/v1/projects/reactchat-dev/services/cloudbuild.googleapis.com  
 
[debug] [2021-07-18T06:22:49.356Z] <<< HTTP RESPONSE 200 {"content-type":"application/json; charset=UTF-8","vary":"X-Origin, Referer, Origin,Accept-Encoding","date":"Sun, 18 Jul 2021 06:22:49 GMT","server":"ESF","cache-control":"private","x-xss-protection":"0","x-frame-options":"SAMEORIGIN","x-content-type-options":"nosniff","alt-svc":"h3=\":443\"; ma=2592000,h3-29=\":443\"; ma=2592000,h3-T051=\":443\"; ma=2592000,h3-Q050=\":443\"; ma=2592000,h3-Q046=\":443\"; ma=2592000,h3-Q043=\":443\"; ma=2592000,quic=\":443\"; ma=2592000; v=\"46,43\"","accept-ranges":"none","transfer-encoding":"chunked"}
[debug] [2021-07-18T06:22:49.472Z] <<< HTTP RESPONSE 200 {"content-type":"application/json; charset=UTF-8","vary":"X-Origin, Referer, Origin,Accept-Encoding","date":"Sun, 18 Jul 2021 06:22:49 GMT","server":"ESF","cache-control":"private","x-xss-protection":"0","x-frame-options":"SAMEORIGIN","x-content-type-options":"nosniff","alt-svc":"h3=\":443\"; ma=2592000,h3-29=\":443\"; ma=2592000,h3-T051=\":443\"; ma=2592000,h3-Q050=\":443\"; ma=2592000,h3-Q046=\":443\"; ma=2592000,h3-Q043=\":443\"; ma=2592000,quic=\":443\"; ma=2592000; v=\"46,43\"","accept-ranges":"none","transfer-encoding":"chunked"}
[info] +  functions: required API cloudbuild.googleapis.com is enabled 
[debug] [2021-07-18T06:22:50.579Z] <<< HTTP RESPONSE 200 {"content-type":"application/json; charset=UTF-8","vary":"X-Origin, Referer, Origin,Accept-Encoding","date":"Sun, 18 Jul 2021 06:22:50 GMT","server":"ESF","cache-control":"private","x-xss-protection":"0","x-frame-options":"SAMEORIGIN","x-content-type-options":"nosniff","alt-svc":"h3=\":443\"; ma=2592000,h3-29=\":443\"; ma=2592000,h3-T051=\":443\"; ma=2592000,h3-Q050=\":443\"; ma=2592000,h3-Q046=\":443\"; ma=2592000,h3-Q043=\":443\"; ma=2592000,quic=\":443\"; ma=2592000; v=\"46,43\"","accept-ranges":"none","transfer-encoding":"chunked"}
[info] +  functions: required API cloudfunctions.googleapis.com is enabled 
[debug] [2021-07-18T06:22:50.581Z] >>> HTTP REQUEST GET https://firebase.googleapis.com/v1beta1/projects/reactchat-dev/adminSdkConfig  
 
[debug] [2021-07-18T06:22:51.447Z] <<< HTTP RESPONSE 200 {"content-type":"application/json; charset=UTF-8","vary":"X-Origin, Referer, Origin,Accept-Encoding","date":"Sun, 18 Jul 2021 06:22:51 GMT","server":"ESF","cache-control":"private","x-xss-protection":"0","x-frame-options":"SAMEORIGIN","x-content-type-options":"nosniff","alt-svc":"h3=\":443\"; ma=2592000,h3-29=\":443\"; ma=2592000,h3-T051=\":443\"; ma=2592000,h3-Q050=\":443\"; ma=2592000,h3-Q046=\":443\"; ma=2592000,h3-Q043=\":443\"; ma=2592000,quic=\":443\"; ma=2592000; v=\"46,43\"","accept-ranges":"none","transfer-encoding":"chunked"}
[debug] [2021-07-18T06:22:51.449Z] >>> HTTP REQUEST GET https://runtimeconfig.googleapis.com/v1beta1/projects/reactchat-dev/configs  
 
[debug] [2021-07-18T06:22:52.170Z] <<< HTTP RESPONSE 200 {"content-type":"application/json; charset=UTF-8","vary":"X-Origin, Referer, Origin,Accept-Encoding","date":"Sun, 18 Jul 2021 06:22:51 GMT","server":"ESF","cache-control":"private","x-xss-protection":"0","x-frame-options":"SAMEORIGIN","x-content-type-options":"nosniff","alt-svc":"h3=\":443\"; ma=2592000,h3-29=\":443\"; ma=2592000,h3-T051=\":443\"; ma=2592000,h3-Q050=\":443\"; ma=2592000,h3-Q046=\":443\"; ma=2592000,h3-Q043=\":443\"; ma=2592000,quic=\":443\"; ma=2592000; v=\"46,43\"","accept-ranges":"none","transfer-encoding":"chunked"}
[debug] [2021-07-18T06:22:52.172Z] Analyzing nodejs backend spec
[info] i  functions: preparing functions directory for uploading... 
[info] i  functions: packaged functions (69.15 KB) for uploading 
[debug] [2021-07-18T06:22:52.420Z] >>> HTTP REQUEST GET https://cloudfunctions.googleapis.com/v1/projects/reactchat-dev/locations/-/functions  
 
[debug] [2021-07-18T06:22:53.269Z] <<< HTTP RESPONSE 200 {"content-type":"application/json; charset=UTF-8","vary":"X-Origin, Referer, Origin,Accept-Encoding","date":"Sun, 18 Jul 2021 06:22:52 GMT","server":"ESF","cache-control":"private","x-xss-protection":"0","x-frame-options":"SAMEORIGIN","x-content-type-options":"nosniff","alt-svc":"h3=\":443\"; ma=2592000,h3-29=\":443\"; ma=2592000,h3-T051=\":443\"; ma=2592000,h3-Q050=\":443\"; ma=2592000,h3-Q046=\":443\"; ma=2592000,h3-Q043=\":443\"; ma=2592000,quic=\":443\"; ma=2592000; v=\"46,43\"","accept-ranges":"none","transfer-encoding":"chunked"}
[debug] [2021-07-18T06:22:53.276Z] >>> HTTP REQUEST POST https://firebasehosting.googleapis.com/v1beta1/sites/reactchat-dev/versions  
 {"config":{},"labels":{"deployment-tool":"cli-firebase"}}
[debug] [2021-07-18T06:22:55.057Z] <<< HTTP RESPONSE 200 {"content-type":"application/json; charset=UTF-8","vary":"X-Origin, Referer, Origin,Accept-Encoding","date":"Sun, 18 Jul 2021 06:22:54 GMT","server":"ESF","cache-control":"private","x-xss-protection":"0","x-frame-options":"SAMEORIGIN","x-content-type-options":"nosniff","alt-svc":"h3=\":443\"; ma=2592000,h3-29=\":443\"; ma=2592000,h3-T051=\":443\"; ma=2592000,h3-Q050=\":443\"; ma=2592000,h3-Q046=\":443\"; ma=2592000,h3-Q043=\":443\"; ma=2592000,quic=\":443\"; ma=2592000; v=\"46,43\"","accept-ranges":"none","transfer-encoding":"chunked"}
[debug] [2021-07-18T06:22:55.060Z] >>> HTTP REQUEST POST https://cloudfunctions.googleapis.com/v1/projects/reactchat-dev/locations/us-central1/functions:generateUploadUrl  
 
[debug] [2021-07-18T06:22:56.040Z] <<< HTTP RESPONSE 200 {"content-type":"application/json; charset=UTF-8","vary":"X-Origin, Referer, Origin,Accept-Encoding","date":"Sun, 18 Jul 2021 06:22:55 GMT","server":"ESF","cache-control":"private","x-xss-protection":"0","x-frame-options":"SAMEORIGIN","x-content-type-options":"nosniff","alt-svc":"h3=\":443\"; ma=2592000,h3-29=\":443\"; ma=2592000,h3-T051=\":443\"; ma=2592000,h3-Q050=\":443\"; ma=2592000,h3-Q046=\":443\"; ma=2592000,h3-Q043=\":443\"; ma=2592000,quic=\":443\"; ma=2592000; v=\"46,43\"","accept-ranges":"none","transfer-encoding":"chunked"}
[debug] [2021-07-18T06:22:56.042Z] >>> HTTP REQUEST PUT https://storage.googleapis.com/gcf-upload-us-central1-c8f5b10d-2375-4b4e-baf1-331fbdbbb1c2/7e409400-92fd-4005-9cfc-6b80b80724b0.zip?GoogleAccessId=service-890680516821@gcf-admin-robot.iam.gserviceaccount.com&Expires=1626591175&Signature=gqFx1ZIqZWHo7IwdZR%2BGTtwKkNQZ7d8y8H4BSUT20b6%2B%2FzeX9EpHPUdm8S1ZvzvH9swyrXRJyLHQVjOfNiU2fGrwekrqcM5JjUG3UKbETfXRFgR%2FSsk6E5ReG1vzGkafD88QMxIquyNIh3hp7406mFITGqxOAl8fMrlEODWnT8O1PPRbcSicprDfCtSTMXmuJoD9hjxGoSN09vv7CLDN3yFpcsFEaoTvWtL%2BgTSD919jTaR3pmO5APsIYKdDUTN7%2BsyuyB2yDSUM63wVr6DK0KkOeoueztLCPv64XaxFSrUOcUrw8MAztQ75R%2B%2F2FM16vqb2wDxx%2BJs1ai4dpAlYow%3D%3D  
 <request body omitted>
[debug] [2021-07-18T06:22:56.748Z] <<< HTTP RESPONSE 200 {"x-guploader-uploadid":"ADPycdtT60i4Rpq5oeM0ObJiIxsJ9E6EZq8lEjqSP6d9URqCz5v_kHtL2eUANnL9rVJX8x7RjNS4cqVaQ-YL0YZ_a3Q","etag":"\"b7e99f1ccd296ed88c3bf227ba066a2b\"","x-goog-generation":"1626589376393386","x-goog-metageneration":"1","x-goog-hash":"crc32c=n+/0YA==, md5=t+mfHM0pbtiMO/InugZqKw==","x-goog-stored-content-length":"70806","x-goog-stored-content-encoding":"identity","vary":"Origin","content-length":"0","date":"Sun, 18 Jul 2021 06:22:56 GMT","server":"UploadServer","content-type":"text/html; charset=UTF-8","alt-svc":"h3=\":443\"; ma=2592000,h3-29=\":443\"; ma=2592000,h3-T051=\":443\"; ma=2592000,h3-Q050=\":443\"; ma=2592000,h3-Q046=\":443\"; ma=2592000,h3-Q043=\":443\"; ma=2592000,quic=\":443\"; ma=2592000; v=\"46,43\""}
[info] +  functions: functions folder uploaded successfully 
[info] i  hosting[reactchat-dev]: beginning deploy... 
[info] i  hosting[reactchat-dev]: found 4 files in public 
[debug] [2021-07-18T06:22:56.766Z] > refreshing access token with scopes: []
[debug] [2021-07-18T06:22:56.767Z] >>> HTTP REQUEST POST https://www.googleapis.com/oauth2/v3/token  
 <request body omitted>
[debug] [2021-07-18T06:22:56.769Z] [hosting] hash cache [cHVibGlj] stored for 4 files
[debug] [2021-07-18T06:22:56.769Z] [hosting][hash queue][FINAL] {"max":6,"min":0,"avg":2.25,"active":0,"complete":4,"success":4,"errored":0,"retried":0,"total":4,"elapsed":9}
[debug] [2021-07-18T06:22:57.193Z] <<< HTTP RESPONSE 200 {"date":"Sun, 18 Jul 2021 06:22:56 GMT","cache-control":"no-cache, no-store, max-age=0, must-revalidate","pragma":"no-cache","expires":"Mon, 01 Jan 1990 00:00:00 GMT","content-type":"application/json; charset=utf-8","vary":"X-Origin, Referer, Origin,Accept-Encoding","server":"scaffolding on HTTPServer2","x-xss-protection":"0","x-frame-options":"SAMEORIGIN","x-content-type-options":"nosniff","alt-svc":"h3=\":443\"; ma=2592000,h3-29=\":443\"; ma=2592000,h3-T051=\":443\"; ma=2592000,h3-Q050=\":443\"; ma=2592000,h3-Q046=\":443\"; ma=2592000,h3-Q043=\":443\"; ma=2592000,quic=\":443\"; ma=2592000; v=\"46,43\"","accept-ranges":"none","transfer-encoding":"chunked"}
[debug] [2021-07-18T06:22:57.204Z] >>> [apiv2][query] POST https://firebasehosting.googleapis.com/v1beta1/sites/reactchat-dev/versions/8e70a35a20c4b80d:populateFiles [none]
[debug] [2021-07-18T06:22:57.205Z] >>> [apiv2][body] POST https://firebasehosting.googleapis.com/v1beta1/sites/reactchat-dev/versions/8e70a35a20c4b80d:populateFiles {"files":{"/favicon.ico":"eae62e993eb980ec8a25058c39d5a51feab118bd2100c4deebb2a9c158ec11f9","/robots.txt":"bfe106a3fb878dc83461c86818bf74fc1bdc7f28538ba613cd3e775516ce8b49","/404.html":"daa499dd96d8229e73235345702ba32f0793f0c8e5c0d30e40e37a5872be57aa","/index.html":"f71d655fa5c0de7932af52ec1075e3ea150d5a2abb754618999ab5c9fbce81ff"}}
[debug] [2021-07-18T06:22:58.747Z] <<< [apiv2][status] POST https://firebasehosting.googleapis.com/v1beta1/sites/reactchat-dev/versions/8e70a35a20c4b80d:populateFiles 200
[debug] [2021-07-18T06:22:58.747Z] <<< [apiv2][body] POST https://firebasehosting.googleapis.com/v1beta1/sites/reactchat-dev/versions/8e70a35a20c4b80d:populateFiles {"uploadRequiredHashes":["f71d655fa5c0de7932af52ec1075e3ea150d5a2abb754618999ab5c9fbce81ff","daa499dd96d8229e73235345702ba32f0793f0c8e5c0d30e40e37a5872be57aa"],"uploadUrl":"https://upload-firebasehosting.googleapis.com/upload/sites/reactchat-dev/versions/8e70a35a20c4b80d/files"}
[debug] [2021-07-18T06:22:58.749Z] >>> [apiv2][query] POST https://upload-firebasehosting.googleapis.com/upload/sites/reactchat-dev/versions/8e70a35a20c4b80d/files/f71d655fa5c0de7932af52ec1075e3ea150d5a2abb754618999ab5c9fbce81ff [none]
[debug] [2021-07-18T06:22:58.749Z] >>> [apiv2][body] POST https://upload-firebasehosting.googleapis.com/upload/sites/reactchat-dev/versions/8e70a35a20c4b80d/files/f71d655fa5c0de7932af52ec1075e3ea150d5a2abb754618999ab5c9fbce81ff [stream]
[debug] [2021-07-18T06:22:58.752Z] >>> [apiv2][query] POST https://upload-firebasehosting.googleapis.com/upload/sites/reactchat-dev/versions/8e70a35a20c4b80d/files/daa499dd96d8229e73235345702ba32f0793f0c8e5c0d30e40e37a5872be57aa [none]
[debug] [2021-07-18T06:22:58.752Z] >>> [apiv2][body] POST https://upload-firebasehosting.googleapis.com/upload/sites/reactchat-dev/versions/8e70a35a20c4b80d/files/daa499dd96d8229e73235345702ba32f0793f0c8e5c0d30e40e37a5872be57aa [stream]
[debug] [2021-07-18T06:22:58.753Z] [hosting][populate queue][FINAL] {"max":1983,"min":1983,"avg":1983,"active":0,"complete":1,"success":1,"errored":0,"retried":0,"total":1,"elapsed":1987}
[debug] [2021-07-18T06:22:58.754Z] [hosting] uploads queued: 2
[debug] [2021-07-18T06:23:00.518Z] <<< [apiv2][status] POST https://upload-firebasehosting.googleapis.com/upload/sites/reactchat-dev/versions/8e70a35a20c4b80d/files/daa499dd96d8229e73235345702ba32f0793f0c8e5c0d30e40e37a5872be57aa 200
[debug] [2021-07-18T06:23:00.518Z] <<< [apiv2][body] POST https://upload-firebasehosting.googleapis.com/upload/sites/reactchat-dev/versions/8e70a35a20c4b80d/files/daa499dd96d8229e73235345702ba32f0793f0c8e5c0d30e40e37a5872be57aa [stream]
[debug] [2021-07-18T06:23:00.565Z] <<< [apiv2][status] POST https://upload-firebasehosting.googleapis.com/upload/sites/reactchat-dev/versions/8e70a35a20c4b80d/files/f71d655fa5c0de7932af52ec1075e3ea150d5a2abb754618999ab5c9fbce81ff 200
[debug] [2021-07-18T06:23:00.566Z] <<< [apiv2][body] POST https://upload-firebasehosting.googleapis.com/upload/sites/reactchat-dev/versions/8e70a35a20c4b80d/files/f71d655fa5c0de7932af52ec1075e3ea150d5a2abb754618999ab5c9fbce81ff [stream]
[debug] [2021-07-18T06:23:00.566Z] [hosting][upload queue][FINAL] {"max":1818,"min":1769,"avg":1793.5,"active":0,"complete":2,"success":2,"errored":0,"retried":0,"total":2,"elapsed":1818}
[info] +  hosting[reactchat-dev]: file upload complete 
[debug] [2021-07-18T06:23:00.567Z] [hosting] deploy completed after 3815ms
[info] i  functions: updating Node.js 14 function addUser(us-central1)... 
[debug] [2021-07-18T06:23:00.575Z] > refreshing access token with scopes: ["email","https://www.googleapis.com/auth/cloud-platform","https://www.googleapis.com/auth/cloudplatformprojects.readonly","https://www.googleapis.com/auth/firebase","openid"]
[debug] [2021-07-18T06:23:00.575Z] >>> HTTP REQUEST POST https://www.googleapis.com/oauth2/v3/token  
 <request body omitted>
[debug] [2021-07-18T06:23:01.000Z] <<< HTTP RESPONSE 200 {"expires":"Mon, 01 Jan 1990 00:00:00 GMT","date":"Sun, 18 Jul 2021 06:23:00 GMT","cache-control":"no-cache, no-store, max-age=0, must-revalidate","pragma":"no-cache","content-type":"application/json; charset=utf-8","vary":"X-Origin, Referer, Origin,Accept-Encoding","server":"scaffolding on HTTPServer2","x-xss-protection":"0","x-frame-options":"SAMEORIGIN","x-content-type-options":"nosniff","alt-svc":"h3=\":443\"; ma=2592000,h3-29=\":443\"; ma=2592000,h3-T051=\":443\"; ma=2592000,h3-Q050=\":443\"; ma=2592000,h3-Q046=\":443\"; ma=2592000,h3-Q043=\":443\"; ma=2592000,quic=\":443\"; ma=2592000; v=\"46,43\"","accept-ranges":"none","transfer-encoding":"chunked"}
[debug] [2021-07-18T06:23:01.016Z] >>> HTTP REQUEST PATCH https://cloudfunctions.googleapis.com/v1/projects/reactchat-dev/locations/us-central1/functions/addUser {"updateMask":"name,sourceUploadUrl,entryPoint,runtime,eventTrigger.eventType,eventTrigger.resource,eventTrigger.failurePolicy,labels,environmentVariables"} 
 {"name":"projects/reactchat-dev/locations/us-central1/functions/addUser","sourceUploadUrl":"https://storage.googleapis.com/gcf-upload-us-central1-c8f5b10d-2375-4b4e-baf1-331fbdbbb1c2/7e409400-92fd-4005-9cfc-6b80b80724b0.zip?GoogleAccessId=service-890680516821@gcf-admin-robot.iam.gserviceaccount.com&Expires=1626591175&Signature=gqFx1ZIqZWHo7IwdZR%2BGTtwKkNQZ7d8y8H4BSUT20b6%2B%2FzeX9EpHPUdm8S1ZvzvH9swyrXRJyLHQVjOfNiU2fGrwekrqcM5JjUG3UKbETfXRFgR%2FSsk6E5ReG1vzGkafD88QMxIquyNIh3hp7406mFITGqxOAl8fMrlEODWnT8O1PPRbcSicprDfCtSTMXmuJoD9hjxGoSN09vv7CLDN3yFpcsFEaoTvWtL%2BgTSD919jTaR3pmO5APsIYKdDUTN7%2BsyuyB2yDSUM63wVr6DK0KkOeoueztLCPv64XaxFSrUOcUrw8MAztQ75R%2B%2F2FM16vqb2wDxx%2BJs1ai4dpAlYow%3D%3D","entryPoint":"addUser","runtime":"nodejs14","eventTrigger":{"eventType":"providers/firebase.auth/eventTypes/user.create","resource":"projects/reactchat-dev"},"labels":{"deployment-tool":"cli-firebase"},"environmentVariables":{"FIREBASE_CONFIG":"{\"projectId\":\"reactchat-dev\",\"databaseURL\":\"https://reactchat-dev-default-rtdb.firebaseio.com\",\"storageBucket\":\"reactchat-dev.appspot.com\",\"locationId\":\"australia-southeast1\"}"}}
[debug] [2021-07-18T06:23:01.996Z] <<< HTTP RESPONSE 200 {"content-type":"application/json; charset=UTF-8","vary":"X-Origin, Referer, Origin,Accept-Encoding","date":"Sun, 18 Jul 2021 06:23:01 GMT","server":"ESF","cache-control":"private","x-xss-protection":"0","x-frame-options":"SAMEORIGIN","x-content-type-options":"nosniff","alt-svc":"h3=\":443\"; ma=2592000,h3-29=\":443\"; ma=2592000,h3-T051=\":443\"; ma=2592000,h3-Q050=\":443\"; ma=2592000,h3-Q046=\":443\"; ma=2592000,h3-Q043=\":443\"; ma=2592000,quic=\":443\"; ma=2592000; v=\"46,43\"","accept-ranges":"none","transfer-encoding":"chunked"}
[debug] [2021-07-18T06:23:01.999Z] > refreshing access token with scopes: []
[debug] [2021-07-18T06:23:02.000Z] >>> HTTP REQUEST POST https://www.googleapis.com/oauth2/v3/token  
 <request body omitted>
[debug] [2021-07-18T06:23:02.412Z] <<< HTTP RESPONSE 200 {"expires":"Mon, 01 Jan 1990 00:00:00 GMT","date":"Sun, 18 Jul 2021 06:23:02 GMT","cache-control":"no-cache, no-store, max-age=0, must-revalidate","pragma":"no-cache","content-type":"application/json; charset=utf-8","vary":"X-Origin, Referer, Origin,Accept-Encoding","server":"scaffolding on HTTPServer2","x-xss-protection":"0","x-frame-options":"SAMEORIGIN","x-content-type-options":"nosniff","alt-svc":"h3=\":443\"; ma=2592000,h3-29=\":443\"; ma=2592000,h3-T051=\":443\"; ma=2592000,h3-Q050=\":443\"; ma=2592000,h3-Q046=\":443\"; ma=2592000,h3-Q043=\":443\"; ma=2592000,quic=\":443\"; ma=2592000; v=\"46,43\"","accept-ranges":"none","transfer-encoding":"chunked"}
[debug] [2021-07-18T06:23:02.427Z] >>> [apiv2][query] GET https://cloudfunctions.googleapis.com/v1/operations/cmVhY3RjaGF0LWRldi91cy1jZW50cmFsMS9hZGRVc2VyL0FTMVRaUXdxZHpR [none]
[debug] [2021-07-18T06:23:03.143Z] <<< [apiv2][status] GET https://cloudfunctions.googleapis.com/v1/operations/cmVhY3RjaGF0LWRldi91cy1jZW50cmFsMS9hZGRVc2VyL0FTMVRaUXdxZHpR 200
[debug] [2021-07-18T06:23:03.144Z] <<< [apiv2][body] GET https://cloudfunctions.googleapis.com/v1/operations/cmVhY3RjaGF0LWRldi91cy1jZW50cmFsMS9hZGRVc2VyL0FTMVRaUXdxZHpR {"name":"operations/cmVhY3RjaGF0LWRldi91cy1jZW50cmFsMS9hZGRVc2VyL0FTMVRaUXdxZHpR","metadata":{"@type":"type.googleapis.com/google.cloud.functions.v1.OperationMetadataV1","target":"projects/reactchat-dev/locations/us-central1/functions/addUser","type":"UPDATE_FUNCTION","request":{"@type":"type.googleapis.com/google.cloud.functions.v1.CloudFunction","name":"projects/reactchat-dev/locations/us-central1/functions/addUser","eventTrigger":{"eventType":"providers/firebase.auth/eventTypes/user.create","resource":"projects/reactchat-dev","service":"firebaseauth.googleapis.com"},"status":"ACTIVE","entryPoint":"addUser","timeout":"60s","availableMemoryMb":256,"serviceAccountEmail":"reactchat-dev@appspot.gserviceaccount.com","updateTime":"2021-07-18T06:10:51.290Z","versionId":"1","labels":{"deployment-tool":"cli-firebase"},"sourceUploadUrl":"https://storage.googleapis.com/gcf-upload-us-central1-c8f5b10d-2375-4b4e-baf1-331fbdbbb1c2/7e409400-92fd-4005-9cfc-6b80b80724b0.zip?GoogleAccessId=service-890680516821@gcf-admin-robot.iam.gserviceaccount.com&Expires=1626591175&Signature=gqFx1ZIqZWHo7IwdZR%2BGTtwKkNQZ7d8y8H4BSUT20b6%2B%2FzeX9EpHPUdm8S1ZvzvH9swyrXRJyLHQVjOfNiU2fGrwekrqcM5JjUG3UKbETfXRFgR%2FSsk6E5ReG1vzGkafD88QMxIquyNIh3hp7406mFITGqxOAl8fMrlEODWnT8O1PPRbcSicprDfCtSTMXmuJoD9hjxGoSN09vv7CLDN3yFpcsFEaoTvWtL%2BgTSD919jTaR3pmO5APsIYKdDUTN7%2BsyuyB2yDSUM63wVr6DK0KkOeoueztLCPv64XaxFSrUOcUrw8MAztQ75R%2B%2F2FM16vqb2wDxx%2BJs1ai4dpAlYow%3D%3D","environmentVariables":{"FIREBASE_CONFIG":"{\"projectId\":\"reactchat-dev\",\"databaseURL\":\"https://reactchat-dev-default-rtdb.firebaseio.com\",\"storageBucket\":\"reactchat-dev.appspot.com\",\"locationId\":\"australia-southeast1\"}"},"runtime":"nodejs14","ingressSettings":"ALLOW_ALL","buildId":"9da7acd8-0a62-4233-88a4-fd1014625038"},"versionId":"2","updateTime":"2021-07-18T06:23:01Z","buildId":"f50420bf-e782-4492-a72c-60c56b818ec7","buildName":"projects/890680516821/locations/us-central1/builds/f50420bf-e782-4492-a72c-60c56b818ec7"}}
[debug] [2021-07-18T06:23:03.646Z] [update-projects/reactchat-dev/locations/us-central1/functions/addUser] Retrying task index 0
[debug] [2021-07-18T06:23:03.647Z] >>> [apiv2][query] GET https://cloudfunctions.googleapis.com/v1/operations/cmVhY3RjaGF0LWRldi91cy1jZW50cmFsMS9hZGRVc2VyL0FTMVRaUXdxZHpR [none]
[debug] [2021-07-18T06:23:04.372Z] <<< [apiv2][status] GET https://cloudfunctions.googleapis.com/v1/operations/cmVhY3RjaGF0LWRldi91cy1jZW50cmFsMS9hZGRVc2VyL0FTMVRaUXdxZHpR 200
[debug] [2021-07-18T06:23:04.372Z] <<< [apiv2][body] GET https://cloudfunctions.googleapis.com/v1/operations/cmVhY3RjaGF0LWRldi91cy1jZW50cmFsMS9hZGRVc2VyL0FTMVRaUXdxZHpR {"name":"operations/cmVhY3RjaGF0LWRldi91cy1jZW50cmFsMS9hZGRVc2VyL0FTMVRaUXdxZHpR","metadata":{"@type":"type.googleapis.com/google.cloud.functions.v1.OperationMetadataV1","target":"projects/reactchat-dev/locations/us-central1/functions/addUser","type":"UPDATE_FUNCTION","request":{"@type":"type.googleapis.com/google.cloud.functions.v1.CloudFunction","name":"projects/reactchat-dev/locations/us-central1/functions/addUser","eventTrigger":{"eventType":"providers/firebase.auth/eventTypes/user.create","resource":"projects/reactchat-dev","service":"firebaseauth.googleapis.com"},"status":"ACTIVE","entryPoint":"addUser","timeout":"60s","availableMemoryMb":256,"serviceAccountEmail":"reactchat-dev@appspot.gserviceaccount.com","updateTime":"2021-07-18T06:10:51.290Z","versionId":"1","labels":{"deployment-tool":"cli-firebase"},"sourceUploadUrl":"https://storage.googleapis.com/gcf-upload-us-central1-c8f5b10d-2375-4b4e-baf1-331fbdbbb1c2/7e409400-92fd-4005-9cfc-6b80b80724b0.zip?GoogleAccessId=service-890680516821@gcf-admin-robot.iam.gserviceaccount.com&Expires=1626591175&Signature=gqFx1ZIqZWHo7IwdZR%2BGTtwKkNQZ7d8y8H4BSUT20b6%2B%2FzeX9EpHPUdm8S1ZvzvH9swyrXRJyLHQVjOfNiU2fGrwekrqcM5JjUG3UKbETfXRFgR%2FSsk6E5ReG1vzGkafD88QMxIquyNIh3hp7406mFITGqxOAl8fMrlEODWnT8O1PPRbcSicprDfCtSTMXmuJoD9hjxGoSN09vv7CLDN3yFpcsFEaoTvWtL%2BgTSD919jTaR3pmO5APsIYKdDUTN7%2BsyuyB2yDSUM63wVr6DK0KkOeoueztLCPv64XaxFSrUOcUrw8MAztQ75R%2B%2F2FM16vqb2wDxx%2BJs1ai4dpAlYow%3D%3D","environmentVariables":{"FIREBASE_CONFIG":"{\"projectId\":\"reactchat-dev\",\"databaseURL\":\"https://reactchat-dev-default-rtdb.firebaseio.com\",\"storageBucket\":\"reactchat-dev.appspot.com\",\"locationId\":\"australia-southeast1\"}"},"runtime":"nodejs14","ingressSettings":"ALLOW_ALL","buildId":"9da7acd8-0a62-4233-88a4-fd1014625038"},"versionId":"2","updateTime":"2021-07-18T06:23:01Z","buildId":"f50420bf-e782-4492-a72c-60c56b818ec7","buildName":"projects/890680516821/locations/us-central1/builds/f50420bf-e782-4492-a72c-60c56b818ec7"}}
[debug] [2021-07-18T06:23:05.378Z] [update-projects/reactchat-dev/locations/us-central1/functions/addUser] Retrying task index 0
[debug] [2021-07-18T06:23:05.378Z] >>> [apiv2][query] GET https://cloudfunctions.googleapis.com/v1/operations/cmVhY3RjaGF0LWRldi91cy1jZW50cmFsMS9hZGRVc2VyL0FTMVRaUXdxZHpR [none]
[debug] [2021-07-18T06:23:06.098Z] <<< [apiv2][status] GET https://cloudfunctions.googleapis.com/v1/operations/cmVhY3RjaGF0LWRldi91cy1jZW50cmFsMS9hZGRVc2VyL0FTMVRaUXdxZHpR 200
[debug] [2021-07-18T06:23:06.099Z] <<< [apiv2][body] GET https://cloudfunctions.googleapis.com/v1/operations/cmVhY3RjaGF0LWRldi91cy1jZW50cmFsMS9hZGRVc2VyL0FTMVRaUXdxZHpR {"name":"operations/cmVhY3RjaGF0LWRldi91cy1jZW50cmFsMS9hZGRVc2VyL0FTMVRaUXdxZHpR","metadata":{"@type":"type.googleapis.com/google.cloud.functions.v1.OperationMetadataV1","target":"projects/reactchat-dev/locations/us-central1/functions/addUser","type":"UPDATE_FUNCTION","request":{"@type":"type.googleapis.com/google.cloud.functions.v1.CloudFunction","name":"projects/reactchat-dev/locations/us-central1/functions/addUser","eventTrigger":{"eventType":"providers/firebase.auth/eventTypes/user.create","resource":"projects/reactchat-dev","service":"firebaseauth.googleapis.com"},"status":"ACTIVE","entryPoint":"addUser","timeout":"60s","availableMemoryMb":256,"serviceAccountEmail":"reactchat-dev@appspot.gserviceaccount.com","updateTime":"2021-07-18T06:10:51.290Z","versionId":"1","labels":{"deployment-tool":"cli-firebase"},"sourceUploadUrl":"https://storage.googleapis.com/gcf-upload-us-central1-c8f5b10d-2375-4b4e-baf1-331fbdbbb1c2/7e409400-92fd-4005-9cfc-6b80b80724b0.zip?GoogleAccessId=service-890680516821@gcf-admin-robot.iam.gserviceaccount.com&Expires=1626591175&Signature=gqFx1ZIqZWHo7IwdZR%2BGTtwKkNQZ7d8y8H4BSUT20b6%2B%2FzeX9EpHPUdm8S1ZvzvH9swyrXRJyLHQVjOfNiU2fGrwekrqcM5JjUG3UKbETfXRFgR%2FSsk6E5ReG1vzGkafD88QMxIquyNIh3hp7406mFITGqxOAl8fMrlEODWnT8O1PPRbcSicprDfCtSTMXmuJoD9hjxGoSN09vv7CLDN3yFpcsFEaoTvWtL%2BgTSD919jTaR3pmO5APsIYKdDUTN7%2BsyuyB2yDSUM63wVr6DK0KkOeoueztLCPv64XaxFSrUOcUrw8MAztQ75R%2B%2F2FM16vqb2wDxx%2BJs1ai4dpAlYow%3D%3D","environmentVariables":{"FIREBASE_CONFIG":"{\"projectId\":\"reactchat-dev\",\"databaseURL\":\"https://reactchat-dev-default-rtdb.firebaseio.com\",\"storageBucket\":\"reactchat-dev.appspot.com\",\"locationId\":\"australia-southeast1\"}"},"runtime":"nodejs14","ingressSettings":"ALLOW_ALL","buildId":"9da7acd8-0a62-4233-88a4-fd1014625038"},"versionId":"2","updateTime":"2021-07-18T06:23:01Z","buildId":"f50420bf-e782-4492-a72c-60c56b818ec7","buildName":"projects/890680516821/locations/us-central1/builds/f50420bf-e782-4492-a72c-60c56b818ec7"}}
[debug] [2021-07-18T06:23:08.110Z] [update-projects/reactchat-dev/locations/us-central1/functions/addUser] Retrying task index 0
[debug] [2021-07-18T06:23:08.111Z] >>> [apiv2][query] GET https://cloudfunctions.googleapis.com/v1/operations/cmVhY3RjaGF0LWRldi91cy1jZW50cmFsMS9hZGRVc2VyL0FTMVRaUXdxZHpR [none]
[debug] [2021-07-18T06:23:08.820Z] <<< [apiv2][status] GET https://cloudfunctions.googleapis.com/v1/operations/cmVhY3RjaGF0LWRldi91cy1jZW50cmFsMS9hZGRVc2VyL0FTMVRaUXdxZHpR 200
[debug] [2021-07-18T06:23:08.821Z] <<< [apiv2][body] GET https://cloudfunctions.googleapis.com/v1/operations/cmVhY3RjaGF0LWRldi91cy1jZW50cmFsMS9hZGRVc2VyL0FTMVRaUXdxZHpR {"name":"operations/cmVhY3RjaGF0LWRldi91cy1jZW50cmFsMS9hZGRVc2VyL0FTMVRaUXdxZHpR","metadata":{"@type":"type.googleapis.com/google.cloud.functions.v1.OperationMetadataV1","target":"projects/reactchat-dev/locations/us-central1/functions/addUser","type":"UPDATE_FUNCTION","request":{"@type":"type.googleapis.com/google.cloud.functions.v1.CloudFunction","name":"projects/reactchat-dev/locations/us-central1/functions/addUser","eventTrigger":{"eventType":"providers/firebase.auth/eventTypes/user.create","resource":"projects/reactchat-dev","service":"firebaseauth.googleapis.com"},"status":"ACTIVE","entryPoint":"addUser","timeout":"60s","availableMemoryMb":256,"serviceAccountEmail":"reactchat-dev@appspot.gserviceaccount.com","updateTime":"2021-07-18T06:10:51.290Z","versionId":"1","labels":{"deployment-tool":"cli-firebase"},"sourceUploadUrl":"https://storage.googleapis.com/gcf-upload-us-central1-c8f5b10d-2375-4b4e-baf1-331fbdbbb1c2/7e409400-92fd-4005-9cfc-6b80b80724b0.zip?GoogleAccessId=service-890680516821@gcf-admin-robot.iam.gserviceaccount.com&Expires=1626591175&Signature=gqFx1ZIqZWHo7IwdZR%2BGTtwKkNQZ7d8y8H4BSUT20b6%2B%2FzeX9EpHPUdm8S1ZvzvH9swyrXRJyLHQVjOfNiU2fGrwekrqcM5JjUG3UKbETfXRFgR%2FSsk6E5ReG1vzGkafD88QMxIquyNIh3hp7406mFITGqxOAl8fMrlEODWnT8O1PPRbcSicprDfCtSTMXmuJoD9hjxGoSN09vv7CLDN3yFpcsFEaoTvWtL%2BgTSD919jTaR3pmO5APsIYKdDUTN7%2BsyuyB2yDSUM63wVr6DK0KkOeoueztLCPv64XaxFSrUOcUrw8MAztQ75R%2B%2F2FM16vqb2wDxx%2BJs1ai4dpAlYow%3D%3D","environmentVariables":{"FIREBASE_CONFIG":"{\"projectId\":\"reactchat-dev\",\"databaseURL\":\"https://reactchat-dev-default-rtdb.firebaseio.com\",\"storageBucket\":\"reactchat-dev.appspot.com\",\"locationId\":\"australia-southeast1\"}"},"runtime":"nodejs14","ingressSettings":"ALLOW_ALL","buildId":"9da7acd8-0a62-4233-88a4-fd1014625038"},"versionId":"2","updateTime":"2021-07-18T06:23:01Z","buildId":"f50420bf-e782-4492-a72c-60c56b818ec7","buildName":"projects/890680516821/locations/us-central1/builds/f50420bf-e782-4492-a72c-60c56b818ec7"}}
[debug] [2021-07-18T06:23:12.830Z] [update-projects/reactchat-dev/locations/us-central1/functions/addUser] Retrying task index 0
[debug] [2021-07-18T06:23:12.831Z] >>> [apiv2][query] GET https://cloudfunctions.googleapis.com/v1/operations/cmVhY3RjaGF0LWRldi91cy1jZW50cmFsMS9hZGRVc2VyL0FTMVRaUXdxZHpR [none]
[debug] [2021-07-18T06:23:13.542Z] <<< [apiv2][status] GET https://cloudfunctions.googleapis.com/v1/operations/cmVhY3RjaGF0LWRldi91cy1jZW50cmFsMS9hZGRVc2VyL0FTMVRaUXdxZHpR 200
[debug] [2021-07-18T06:23:13.542Z] <<< [apiv2][body] GET https://cloudfunctions.googleapis.com/v1/operations/cmVhY3RjaGF0LWRldi91cy1jZW50cmFsMS9hZGRVc2VyL0FTMVRaUXdxZHpR {"name":"operations/cmVhY3RjaGF0LWRldi91cy1jZW50cmFsMS9hZGRVc2VyL0FTMVRaUXdxZHpR","metadata":{"@type":"type.googleapis.com/google.cloud.functions.v1.OperationMetadataV1","target":"projects/reactchat-dev/locations/us-central1/functions/addUser","type":"UPDATE_FUNCTION","request":{"@type":"type.googleapis.com/google.cloud.functions.v1.CloudFunction","name":"projects/reactchat-dev/locations/us-central1/functions/addUser","eventTrigger":{"eventType":"providers/firebase.auth/eventTypes/user.create","resource":"projects/reactchat-dev","service":"firebaseauth.googleapis.com"},"status":"ACTIVE","entryPoint":"addUser","timeout":"60s","availableMemoryMb":256,"serviceAccountEmail":"reactchat-dev@appspot.gserviceaccount.com","updateTime":"2021-07-18T06:10:51.290Z","versionId":"1","labels":{"deployment-tool":"cli-firebase"},"sourceUploadUrl":"https://storage.googleapis.com/gcf-upload-us-central1-c8f5b10d-2375-4b4e-baf1-331fbdbbb1c2/7e409400-92fd-4005-9cfc-6b80b80724b0.zip?GoogleAccessId=service-890680516821@gcf-admin-robot.iam.gserviceaccount.com&Expires=1626591175&Signature=gqFx1ZIqZWHo7IwdZR%2BGTtwKkNQZ7d8y8H4BSUT20b6%2B%2FzeX9EpHPUdm8S1ZvzvH9swyrXRJyLHQVjOfNiU2fGrwekrqcM5JjUG3UKbETfXRFgR%2FSsk6E5ReG1vzGkafD88QMxIquyNIh3hp7406mFITGqxOAl8fMrlEODWnT8O1PPRbcSicprDfCtSTMXmuJoD9hjxGoSN09vv7CLDN3yFpcsFEaoTvWtL%2BgTSD919jTaR3pmO5APsIYKdDUTN7%2BsyuyB2yDSUM63wVr6DK0KkOeoueztLCPv64XaxFSrUOcUrw8MAztQ75R%2B%2F2FM16vqb2wDxx%2BJs1ai4dpAlYow%3D%3D","environmentVariables":{"FIREBASE_CONFIG":"{\"projectId\":\"reactchat-dev\",\"databaseURL\":\"https://reactchat-dev-default-rtdb.firebaseio.com\",\"storageBucket\":\"reactchat-dev.appspot.com\",\"locationId\":\"australia-southeast1\"}"},"runtime":"nodejs14","ingressSettings":"ALLOW_ALL","buildId":"9da7acd8-0a62-4233-88a4-fd1014625038"},"versionId":"2","updateTime":"2021-07-18T06:23:01Z","buildId":"f50420bf-e782-4492-a72c-60c56b818ec7","buildName":"projects/890680516821/locations/us-central1/builds/f50420bf-e782-4492-a72c-60c56b818ec7"}}
[debug] [2021-07-18T06:23:21.546Z] [update-projects/reactchat-dev/locations/us-central1/functions/addUser] Retrying task index 0
[debug] [2021-07-18T06:23:21.547Z] >>> [apiv2][query] GET https://cloudfunctions.googleapis.com/v1/operations/cmVhY3RjaGF0LWRldi91cy1jZW50cmFsMS9hZGRVc2VyL0FTMVRaUXdxZHpR [none]
[debug] [2021-07-18T06:23:22.242Z] <<< [apiv2][status] GET https://cloudfunctions.googleapis.com/v1/operations/cmVhY3RjaGF0LWRldi91cy1jZW50cmFsMS9hZGRVc2VyL0FTMVRaUXdxZHpR 200
[debug] [2021-07-18T06:23:22.242Z] <<< [apiv2][body] GET https://cloudfunctions.googleapis.com/v1/operations/cmVhY3RjaGF0LWRldi91cy1jZW50cmFsMS9hZGRVc2VyL0FTMVRaUXdxZHpR {"name":"operations/cmVhY3RjaGF0LWRldi91cy1jZW50cmFsMS9hZGRVc2VyL0FTMVRaUXdxZHpR","metadata":{"@type":"type.googleapis.com/google.cloud.functions.v1.OperationMetadataV1","target":"projects/reactchat-dev/locations/us-central1/functions/addUser","type":"UPDATE_FUNCTION","request":{"@type":"type.googleapis.com/google.cloud.functions.v1.CloudFunction","name":"projects/reactchat-dev/locations/us-central1/functions/addUser","eventTrigger":{"eventType":"providers/firebase.auth/eventTypes/user.create","resource":"projects/reactchat-dev","service":"firebaseauth.googleapis.com"},"status":"ACTIVE","entryPoint":"addUser","timeout":"60s","availableMemoryMb":256,"serviceAccountEmail":"reactchat-dev@appspot.gserviceaccount.com","updateTime":"2021-07-18T06:10:51.290Z","versionId":"1","labels":{"deployment-tool":"cli-firebase"},"sourceUploadUrl":"https://storage.googleapis.com/gcf-upload-us-central1-c8f5b10d-2375-4b4e-baf1-331fbdbbb1c2/7e409400-92fd-4005-9cfc-6b80b80724b0.zip?GoogleAccessId=service-890680516821@gcf-admin-robot.iam.gserviceaccount.com&Expires=1626591175&Signature=gqFx1ZIqZWHo7IwdZR%2BGTtwKkNQZ7d8y8H4BSUT20b6%2B%2FzeX9EpHPUdm8S1ZvzvH9swyrXRJyLHQVjOfNiU2fGrwekrqcM5JjUG3UKbETfXRFgR%2FSsk6E5ReG1vzGkafD88QMxIquyNIh3hp7406mFITGqxOAl8fMrlEODWnT8O1PPRbcSicprDfCtSTMXmuJoD9hjxGoSN09vv7CLDN3yFpcsFEaoTvWtL%2BgTSD919jTaR3pmO5APsIYKdDUTN7%2BsyuyB2yDSUM63wVr6DK0KkOeoueztLCPv64XaxFSrUOcUrw8MAztQ75R%2B%2F2FM16vqb2wDxx%2BJs1ai4dpAlYow%3D%3D","environmentVariables":{"FIREBASE_CONFIG":"{\"projectId\":\"reactchat-dev\",\"databaseURL\":\"https://reactchat-dev-default-rtdb.firebaseio.com\",\"storageBucket\":\"reactchat-dev.appspot.com\",\"locationId\":\"australia-southeast1\"}"},"runtime":"nodejs14","ingressSettings":"ALLOW_ALL","buildId":"9da7acd8-0a62-4233-88a4-fd1014625038"},"versionId":"2","updateTime":"2021-07-18T06:23:01Z","buildId":"f50420bf-e782-4492-a72c-60c56b818ec7","buildName":"projects/890680516821/locations/us-central1/builds/f50420bf-e782-4492-a72c-60c56b818ec7"}}
[debug] [2021-07-18T06:23:38.256Z] [update-projects/reactchat-dev/locations/us-central1/functions/addUser] Retrying task index 0
[debug] [2021-07-18T06:23:38.257Z] >>> [apiv2][query] GET https://cloudfunctions.googleapis.com/v1/operations/cmVhY3RjaGF0LWRldi91cy1jZW50cmFsMS9hZGRVc2VyL0FTMVRaUXdxZHpR [none]
[debug] [2021-07-18T06:23:38.946Z] <<< [apiv2][status] GET https://cloudfunctions.googleapis.com/v1/operations/cmVhY3RjaGF0LWRldi91cy1jZW50cmFsMS9hZGRVc2VyL0FTMVRaUXdxZHpR 200
[debug] [2021-07-18T06:23:38.947Z] <<< [apiv2][body] GET https://cloudfunctions.googleapis.com/v1/operations/cmVhY3RjaGF0LWRldi91cy1jZW50cmFsMS9hZGRVc2VyL0FTMVRaUXdxZHpR {"name":"operations/cmVhY3RjaGF0LWRldi91cy1jZW50cmFsMS9hZGRVc2VyL0FTMVRaUXdxZHpR","metadata":{"@type":"type.googleapis.com/google.cloud.functions.v1.OperationMetadataV1","target":"projects/reactchat-dev/locations/us-central1/functions/addUser","type":"UPDATE_FUNCTION","request":{"@type":"type.googleapis.com/google.cloud.functions.v1.CloudFunction","name":"projects/reactchat-dev/locations/us-central1/functions/addUser","eventTrigger":{"eventType":"providers/firebase.auth/eventTypes/user.create","resource":"projects/reactchat-dev","service":"firebaseauth.googleapis.com"},"status":"ACTIVE","entryPoint":"addUser","timeout":"60s","availableMemoryMb":256,"serviceAccountEmail":"reactchat-dev@appspot.gserviceaccount.com","updateTime":"2021-07-18T06:10:51.290Z","versionId":"1","labels":{"deployment-tool":"cli-firebase"},"sourceUploadUrl":"https://storage.googleapis.com/gcf-upload-us-central1-c8f5b10d-2375-4b4e-baf1-331fbdbbb1c2/7e409400-92fd-4005-9cfc-6b80b80724b0.zip?GoogleAccessId=service-890680516821@gcf-admin-robot.iam.gserviceaccount.com&Expires=1626591175&Signature=gqFx1ZIqZWHo7IwdZR%2BGTtwKkNQZ7d8y8H4BSUT20b6%2B%2FzeX9EpHPUdm8S1ZvzvH9swyrXRJyLHQVjOfNiU2fGrwekrqcM5JjUG3UKbETfXRFgR%2FSsk6E5ReG1vzGkafD88QMxIquyNIh3hp7406mFITGqxOAl8fMrlEODWnT8O1PPRbcSicprDfCtSTMXmuJoD9hjxGoSN09vv7CLDN3yFpcsFEaoTvWtL%2BgTSD919jTaR3pmO5APsIYKdDUTN7%2BsyuyB2yDSUM63wVr6DK0KkOeoueztLCPv64XaxFSrUOcUrw8MAztQ75R%2B%2F2FM16vqb2wDxx%2BJs1ai4dpAlYow%3D%3D","environmentVariables":{"FIREBASE_CONFIG":"{\"projectId\":\"reactchat-dev\",\"databaseURL\":\"https://reactchat-dev-default-rtdb.firebaseio.com\",\"storageBucket\":\"reactchat-dev.appspot.com\",\"locationId\":\"australia-southeast1\"}"},"runtime":"nodejs14","ingressSettings":"ALLOW_ALL","buildId":"9da7acd8-0a62-4233-88a4-fd1014625038"},"versionId":"2","updateTime":"2021-07-18T06:23:01Z","buildId":"f50420bf-e782-4492-a72c-60c56b818ec7","buildName":"projects/890680516821/locations/us-central1/builds/f50420bf-e782-4492-a72c-60c56b818ec7"}}
[debug] [2021-07-18T06:24:10.950Z] [update-projects/reactchat-dev/locations/us-central1/functions/addUser] Retrying task index 0
[debug] [2021-07-18T06:24:10.951Z] >>> [apiv2][query] GET https://cloudfunctions.googleapis.com/v1/operations/cmVhY3RjaGF0LWRldi91cy1jZW50cmFsMS9hZGRVc2VyL0FTMVRaUXdxZHpR [none]
[debug] [2021-07-18T06:24:11.667Z] <<< [apiv2][status] GET https://cloudfunctions.googleapis.com/v1/operations/cmVhY3RjaGF0LWRldi91cy1jZW50cmFsMS9hZGRVc2VyL0FTMVRaUXdxZHpR 200
[debug] [2021-07-18T06:24:11.667Z] <<< [apiv2][body] GET https://cloudfunctions.googleapis.com/v1/operations/cmVhY3RjaGF0LWRldi91cy1jZW50cmFsMS9hZGRVc2VyL0FTMVRaUXdxZHpR {"name":"operations/cmVhY3RjaGF0LWRldi91cy1jZW50cmFsMS9hZGRVc2VyL0FTMVRaUXdxZHpR","metadata":{"@type":"type.googleapis.com/google.cloud.functions.v1.OperationMetadataV1","target":"projects/reactchat-dev/locations/us-central1/functions/addUser","type":"UPDATE_FUNCTION","request":{"@type":"type.googleapis.com/google.cloud.functions.v1.CloudFunction","name":"projects/reactchat-dev/locations/us-central1/functions/addUser","eventTrigger":{"eventType":"providers/firebase.auth/eventTypes/user.create","resource":"projects/reactchat-dev","service":"firebaseauth.googleapis.com"},"status":"ACTIVE","entryPoint":"addUser","timeout":"60s","availableMemoryMb":256,"serviceAccountEmail":"reactchat-dev@appspot.gserviceaccount.com","updateTime":"2021-07-18T06:10:51.290Z","versionId":"1","labels":{"deployment-tool":"cli-firebase"},"sourceUploadUrl":"https://storage.googleapis.com/gcf-upload-us-central1-c8f5b10d-2375-4b4e-baf1-331fbdbbb1c2/7e409400-92fd-4005-9cfc-6b80b80724b0.zip?GoogleAccessId=service-890680516821@gcf-admin-robot.iam.gserviceaccount.com&Expires=1626591175&Signature=gqFx1ZIqZWHo7IwdZR%2BGTtwKkNQZ7d8y8H4BSUT20b6%2B%2FzeX9EpHPUdm8S1ZvzvH9swyrXRJyLHQVjOfNiU2fGrwekrqcM5JjUG3UKbETfXRFgR%2FSsk6E5ReG1vzGkafD88QMxIquyNIh3hp7406mFITGqxOAl8fMrlEODWnT8O1PPRbcSicprDfCtSTMXmuJoD9hjxGoSN09vv7CLDN3yFpcsFEaoTvWtL%2BgTSD919jTaR3pmO5APsIYKdDUTN7%2BsyuyB2yDSUM63wVr6DK0KkOeoueztLCPv64XaxFSrUOcUrw8MAztQ75R%2B%2F2FM16vqb2wDxx%2BJs1ai4dpAlYow%3D%3D","environmentVariables":{"FIREBASE_CONFIG":"{\"projectId\":\"reactchat-dev\",\"databaseURL\":\"https://reactchat-dev-default-rtdb.firebaseio.com\",\"storageBucket\":\"reactchat-dev.appspot.com\",\"locationId\":\"australia-southeast1\"}"},"runtime":"nodejs14","ingressSettings":"ALLOW_ALL","buildId":"9da7acd8-0a62-4233-88a4-fd1014625038"},"versionId":"2","updateTime":"2021-07-18T06:23:01Z","buildId":"f50420bf-e782-4492-a72c-60c56b818ec7","buildName":"projects/890680516821/locations/us-central1/builds/f50420bf-e782-4492-a72c-60c56b818ec7"}}
